<?xml version="1.0" encoding="UTF-8"?>
<!-- Generated by org.testng.reporters.JUnitReportReporter -->
<testsuite skipped="0" hostname="NLLR4000292936" name="PetstoreAPI_PostiveFlow.PetstoreAPI" tests="6" failures="0" timestamp="2019-11-14T15:20:54 CET" time="9.710" errors="0">
  <testcase name="addNewPet" time="3.670" classname="PetstoreAPI_PostiveFlow.PetstoreAPI"/>
  <testcase name="getPet" time="1.733" classname="PetstoreAPI_PostiveFlow.PetstoreAPI"/>
  <testcase name="updatePet" time="1.437" classname="PetstoreAPI_PostiveFlow.PetstoreAPI"/>
  <testcase name="getPet_afterUpdate" time="0.702" classname="PetstoreAPI_PostiveFlow.PetstoreAPI"/>
  <testcase name="deletePet" time="1.416" classname="PetstoreAPI_PostiveFlow.PetstoreAPI"/>
  <testcase name="getPet_afterDelete" time="0.752" classname="PetstoreAPI_PostiveFlow.PetstoreAPI"/>
</testsuite> <!-- PetstoreAPI_PostiveFlow.PetstoreAPI -->
