<?xml version="1.0" encoding="UTF-8"?>
<!-- Generated by org.testng.reporters.JUnitReportReporter -->
<testsuite skipped="0" hostname="NLLR4000292936" name="PetstoreAPI_PostiveFlow.test123" tests="1" failures="0" timestamp="2019-11-14T10:23:47 CET" time="4.365" errors="0">
  <testcase name="addNewPet" time="4.365" classname="PetstoreAPI_PostiveFlow.test123"/>
</testsuite> <!-- PetstoreAPI_PostiveFlow.test123 -->
