<?xml version="1.0" encoding="UTF-8"?>
<!-- Generated by org.testng.reporters.JUnitReportReporter -->
<testsuite skipped="0" hostname="NLLR4000292936" name="PetstoreAPI_PostiveFlow.TC1_PetstoreAPI" tests="6" failures="0" timestamp="2019-11-14T12:04:17 CET" time="10.445" errors="0">
  <testcase name="addNewPet" time="4.419" classname="PetstoreAPI_PostiveFlow.TC1_PetstoreAPI"/>
  <testcase name="getPet" time="1.786" classname="PetstoreAPI_PostiveFlow.TC1_PetstoreAPI"/>
  <testcase name="updatePet" time="1.737" classname="PetstoreAPI_PostiveFlow.TC1_PetstoreAPI"/>
  <testcase name="getPet_afterUpdate" time="0.865" classname="PetstoreAPI_PostiveFlow.TC1_PetstoreAPI"/>
  <testcase name="deletePet" time="0.808" classname="PetstoreAPI_PostiveFlow.TC1_PetstoreAPI"/>
  <testcase name="getPet_afterDelete" time="0.830" classname="PetstoreAPI_PostiveFlow.TC1_PetstoreAPI"/>
</testsuite> <!-- PetstoreAPI_PostiveFlow.TC1_PetstoreAPI -->
